Using pre-set license
Built from '2022.3/staging' branch; Version is '2022.3.21f1 (bf09ca542b87) revision 12519882'; Using compiler version '192829333'; Build Type 'Release'
OS: 'Windows 11  (10.0.22621) 64bit Professional' Language: 'en' Physical Memory: 32537 MB
BatchMode: 1, IsHumanControllingUs: 0, StartBugReporterOnCrash: 0, Is64bit: 1, IsPro: 1

COMMAND LINE ARGUMENTS:
C:\2022.3.21f1\Editor\Unity.exe
-adb2
-batchMode
-noUpm
-name
AssetImportWorker2
-projectPath
C:/Users/Bertn/Swind
-logFile
Logs/AssetImportWorker2.log
-srvPort
58290
Successfully changed project path to: C:/Users/Bertn/Swind
C:/Users/Bertn/Swind
[UnityMemory] Configuration Parameters - Can be set up in boot.config
    "memorysetup-bucket-allocator-granularity=16"
    "memorysetup-bucket-allocator-bucket-count=8"
    "memorysetup-bucket-allocator-block-size=33554432"
    "memorysetup-bucket-allocator-block-count=8"
    "memorysetup-main-allocator-block-size=16777216"
    "memorysetup-thread-allocator-block-size=16777216"
    "memorysetup-gfx-main-allocator-block-size=16777216"
    "memorysetup-gfx-thread-allocator-block-size=16777216"
    "memorysetup-cache-allocator-block-size=4194304"
    "memorysetup-typetree-allocator-block-size=2097152"
    "memorysetup-profiler-bucket-allocator-granularity=16"
    "memorysetup-profiler-bucket-allocator-bucket-count=8"
    "memorysetup-profiler-bucket-allocator-block-size=33554432"
    "memorysetup-profiler-bucket-allocator-block-count=8"
    "memorysetup-profiler-allocator-block-size=16777216"
    "memorysetup-profiler-editor-allocator-block-size=1048576"
    "memorysetup-temp-allocator-size-main=16777216"
    "memorysetup-job-temp-allocator-block-size=2097152"
    "memorysetup-job-temp-allocator-block-size-background=1048576"
    "memorysetup-job-temp-allocator-reduction-small-platforms=262144"
    "memorysetup-allocator-temp-initial-block-size-main=262144"
    "memorysetup-allocator-temp-initial-block-size-worker=262144"
    "memorysetup-temp-allocator-size-background-worker=32768"
    "memorysetup-temp-allocator-size-job-worker=262144"
    "memorysetup-temp-allocator-size-preload-manager=33554432"
    "memorysetup-temp-allocator-size-nav-mesh-worker=65536"
    "memorysetup-temp-allocator-size-audio-worker=65536"
    "memorysetup-temp-allocator-size-cloud-worker=32768"
    "memorysetup-temp-allocator-size-gi-baking-worker=262144"
    "memorysetup-temp-allocator-size-gfx=262144"
Player connection [17800] Host "[IP] 192.168.1.81 [Port] 0 [Flags] 2 [Guid] 2067855212 [EditorId] 2067855212 [Version] 1048832 [Id] WindowsEditor(7,DESKTOP-UNKF20F) [Debug] 1 [PackageName] WindowsEditor [ProjectName] Editor" joined multi-casting on [225.0.0.222:54997]...

Player connection [17800] Host "[IP] 192.168.1.81 [Port] 0 [Flags] 2 [Guid] 2067855212 [EditorId] 2067855212 [Version] 1048832 [Id] WindowsEditor(7,DESKTOP-UNKF20F) [Debug] 1 [PackageName] WindowsEditor [ProjectName] Editor" joined alternative multi-casting on [225.0.0.222:34997]...

[Physics::Module] Initialized MultithreadedJobDispatcher with 19 workers.
Refreshing native plugins compatible for Editor in 5.55 ms, found 4 plugins.
Preloading 0 native plugins for Editor in 0.00 ms.
Initialize engine version: 2022.3.21f1 (bf09ca542b87)
[Subsystems] Discovering subsystems at path C:/2022.3.21f1/Editor/Data/Resources/UnitySubsystems
[Subsystems] Discovering subsystems at path C:/Users/Bertn/Swind/Assets
GfxDevice: creating device client; threaded=0; jobified=0
Direct3D:
    Version:  Direct3D 11.0 [level 11.1]
    Renderer: NVIDIA GeForce RTX 4070 Ti (ID=0x2782)
    Vendor:   NVIDIA
    VRAM:     12010 MB
    Driver:   31.0.15.3742
Initialize mono
Mono path[0] = 'C:/2022.3.21f1/Editor/Data/Managed'
Mono path[1] = 'C:/2022.3.21f1/Editor/Data/MonoBleedingEdge/lib/mono/unityjit-win32'
Mono config path = 'C:/2022.3.21f1/Editor/Data/MonoBleedingEdge/etc'
Using monoOptions --debugger-agent=transport=dt_socket,embedding=1,server=y,suspend=n,address=127.0.0.1:56292
Begin MonoManager ReloadAssembly
Registering precompiled unity dll's ...
Register platform support module: C:/2022.3.21f1/Editor/Data/PlaybackEngines/WebGLSupport/UnityEditor.WebGL.Extensions.dll
Register platform support module: C:/2022.3.21f1/Editor/Data/PlaybackEngines/WindowsStandaloneSupport/UnityEditor.WindowsStandalone.Extensions.dll
Registered in 0.002380 seconds.
- Loaded All Assemblies, in  0.212 seconds
Native extension for WindowsStandalone target not found
Native extension for WebGL target not found
Mono: successfully reloaded assembly
- Finished resetting the current domain, in  0.173 seconds
Domain Reload Profiling: 385ms
	BeginReloadAssembly (64ms)
		ExecutionOrderSort (0ms)
		DisableScriptedObjects (0ms)
		BackupInstance (0ms)
		ReleaseScriptingObjects (0ms)
		CreateAndSetChildDomain (0ms)
	RebuildCommonClasses (21ms)
	RebuildNativeTypeToScriptingClass (6ms)
	initialDomainReloadingComplete (32ms)
	LoadAllAssembliesAndSetupDomain (89ms)
		LoadAssemblies (63ms)
		RebuildTransferFunctionScriptingTraits (0ms)
		AnalyzeDomain (87ms)
			TypeCache.Refresh (87ms)
				TypeCache.ScanAssembly (78ms)
			ScanForSourceGeneratedMonoScriptInfo (0ms)
			ResolveRequiredComponents (0ms)
	FinalizeReload (173ms)
		ReleaseScriptCaches (0ms)
		RebuildScriptCaches (0ms)
		SetupLoadedEditorAssemblies (138ms)
			LogAssemblyErrors (0ms)
			InitializePlatformSupportModulesInManaged (6ms)
			SetLoadedEditorAssemblies (4ms)
			RefreshPlugins (0ms)
			BeforeProcessingInitializeOnLoad (1ms)
			ProcessInitializeOnLoadAttributes (95ms)
			ProcessInitializeOnLoadMethodAttributes (32ms)
			AfterProcessingInitializeOnLoad (0ms)
			EditorAssembliesLoaded (0ms)
		ExecutionOrderSort2 (0ms)
		AwakeInstancesAfterBackupRestoration (0ms)
========================================================================
Worker process is ready to serve import requests
Begin MonoManager ReloadAssembly
- Loaded All Assemblies, in  0.442 seconds
Refreshing native plugins compatible for Editor in 3.38 ms, found 4 plugins.
Native extension for WindowsStandalone target not found
Native extension for WebGL target not found
Package Manager log level set to [2]
[Package Manager] Server::EnsureServerProcessIsRunning -- launch failed, reason: Unity was launched with the -noUpm command-line argument
[Package Manager] UpmClient::Send -- Unable to send message (not connected to UPM process).
[Package Manager] Cannot connect to Unity Package Manager local server
Mono: successfully reloaded assembly
- Finished resetting the current domain, in  0.413 seconds
Domain Reload Profiling: 853ms
	BeginReloadAssembly (105ms)
		ExecutionOrderSort (0ms)
		DisableScriptedObjects (3ms)
		BackupInstance (0ms)
		ReleaseScriptingObjects (0ms)
		CreateAndSetChildDomain (20ms)
	RebuildCommonClasses (23ms)
	RebuildNativeTypeToScriptingClass (7ms)
	initialDomainReloadingComplete (29ms)
	LoadAllAssembliesAndSetupDomain (277ms)
		LoadAssemblies (222ms)
		RebuildTransferFunctionScriptingTraits (0ms)
		AnalyzeDomain (113ms)
			TypeCache.Refresh (96ms)
				TypeCache.ScanAssembly (82ms)
			ScanForSourceGeneratedMonoScriptInfo (14ms)
			ResolveRequiredComponents (2ms)
	FinalizeReload (413ms)
		ReleaseScriptCaches (0ms)
		RebuildScriptCaches (0ms)
		SetupLoadedEditorAssemblies (300ms)
			LogAssemblyErrors (0ms)
			InitializePlatformSupportModulesInManaged (4ms)
			SetLoadedEditorAssemblies (3ms)
			RefreshPlugins (0ms)
			BeforeProcessingInitializeOnLoad (41ms)
			ProcessInitializeOnLoadAttributes (224ms)
			ProcessInitializeOnLoadMethodAttributes (24ms)
			AfterProcessingInitializeOnLoad (4ms)
			EditorAssembliesLoaded (0ms)
		ExecutionOrderSort2 (0ms)
		AwakeInstancesAfterBackupRestoration (5ms)
Launched and connected shader compiler UnityShaderCompiler.exe after 0.05 seconds
Refreshing native plugins compatible for Editor in 3.13 ms, found 4 plugins.
Preloading 0 native plugins for Editor in 0.00 ms.
Unloading 4033 Unused Serialized files (Serialized files now loaded: 0)
Unloading 70 unused Assets / (244.4 KB). Loaded Objects now: 4488.
Memory consumption went from 144.1 MB to 143.9 MB.
Total: 3.058500 ms (FindLiveObjects: 0.217100 ms CreateObjectMapping: 0.054900 ms MarkObjects: 2.615400 ms  DeleteObjects: 0.170200 ms)

AssetImportParameters requested are different than current active one (requested -> active):
  custom:container-demuxer-ogg: 62fdf1f143b41e24485cea50d1cbac27 -> 
  custom:video-decoder-ogg-theora: a1e56fd34408186e4bbccfd4996cb3dc -> 
  custom:framework-win-MediaFoundation: 216162199b28c13a410421893ffa2e32 -> 
  custom:CustomObjectIndexerAttribute: 9a22284fe3817be447336de3de66b15e -> 
  custom:container-demuxer-webm: 4f35f7cbe854078d1ac9338744f61a02 -> 
  custom:container-muxer-webm: aa71ff27fc2769a1b78a27578f13a17b -> 
  custom:video-decoder-webm-vp8: 9c59270c3fd7afecdb556c50c9e8de78 -> 
  custom:SearchIndexIgnoredProperties: e643bd26f0fe6173181afceb89e7c659 -> 
  custom:AudioImporter_EditorPlatform: d09bf68614088b80899f8185d706f6e7 -> 
  custom:video-encoder-webm-vp8: eb34c28f22e8b96e1ab97ce403110664 -> 
  custom:audio-decoder-ogg-vorbis: bf7c407c2cedff20999df2af8eb42d56 -> 
  custom:audio-encoder-webm-vorbis: bf7c407c2cedff20999df2af8eb42d56 -> 
========================================================================
Received Import Request.
  Time since last request: 2194939.514983 seconds.
  path: Assets/Art/art/ARt/Assets/Environment/Props/Props_Forest_47.asset
  artifactKey: Guid(771e815a54f81a244a6691b4f1ae4781) Importer(815301076,1909f56bfc062723c751e8b465ee728b)
Start importing Assets/Art/art/ARt/Assets/Environment/Props/Props_Forest_47.asset using Guid(771e815a54f81a244a6691b4f1ae4781) Importer(815301076,1909f56bfc062723c751e8b465ee728b)  -> (artifact id: '79ba5bc7370378a15f33c7eedad21576') in 0.064922 seconds
Number of updated asset objects reloaded before import = 0
Number of asset objects unloaded after import = 3
========================================================================
Received Import Request.
  Time since last request: 0.000032 seconds.
  path: Assets/Art/art/ARt/Assets/Environment/Props/Props_Forest_98.asset
  artifactKey: Guid(6d9049b3ef698f947a0786d4753534d5) Importer(815301076,1909f56bfc062723c751e8b465ee728b)
Start importing Assets/Art/art/ARt/Assets/Environment/Props/Props_Forest_98.asset using Guid(6d9049b3ef698f947a0786d4753534d5) Importer(815301076,1909f56bfc062723c751e8b465ee728b)  -> (artifact id: '880baf55f1f5ecc1eeafe3a1ebb2e5bd') in 0.013243 seconds
Number of updated asset objects reloaded before import = 0
Number of asset objects unloaded after import = 3
========================================================================
Received Import Request.
  Time since last request: 0.000017 seconds.
  path: Assets/Art/art/ARt/Assets/Environment/Props/Props_Forest_66.asset
  artifactKey: Guid(3aeff8f004fb4fa40a8e5e39d06c1c3c) Importer(815301076,1909f56bfc062723c751e8b465ee728b)
Start importing Assets/Art/art/ARt/Assets/Environment/Props/Props_Forest_66.asset using Guid(3aeff8f004fb4fa40a8e5e39d06c1c3c) Importer(815301076,1909f56bfc062723c751e8b465ee728b)  -> (artifact id: 'c160c9331a707be69f3599ca25bfb017') in 0.011396 seconds
Number of updated asset objects reloaded before import = 0
Number of asset objects unloaded after import = 3
========================================================================
Received Import Request.
  Time since last request: 0.000023 seconds.
  path: Assets/Art/art/ARt/Assets/Environment/Props/Props_Forest_4.asset
  artifactKey: Guid(61be9cefb3eef7a41847c2136cff3317) Importer(815301076,1909f56bfc062723c751e8b465ee728b)
Start importing Assets/Art/art/ARt/Assets/Environment/Props/Props_Forest_4.asset using Guid(61be9cefb3eef7a41847c2136cff3317) Importer(815301076,1909f56bfc062723c751e8b465ee728b)  -> (artifact id: 'c1e2c28aa1d7f259ad3c1d77b518f1a0') in 0.011541 seconds
Number of updated asset objects reloaded before import = 0
Number of asset objects unloaded after import = 3
========================================================================
Received Import Request.
  Time since last request: 0.000019 seconds.
  path: Assets/Art/art/ARt/Assets/Environment/Props/Props_Forest_85.asset
  artifactKey: Guid(9b6f334fa8e5deb4984f7cd5e681d8b7) Importer(815301076,1909f56bfc062723c751e8b465ee728b)
Start importing Assets/Art/art/ARt/Assets/Environment/Props/Props_Forest_85.asset using Guid(9b6f334fa8e5deb4984f7cd5e681d8b7) Importer(815301076,1909f56bfc062723c751e8b465ee728b)  -> (artifact id: '1930ac9d039160aa55829c44a677b05b') in 0.009808 seconds
Number of updated asset objects reloaded before import = 0
Number of asset objects unloaded after import = 3
========================================================================
Received Import Request.
  Time since last request: 0.000011 seconds.
  path: Assets/Art/art/ARt/Assets/Environment/Props/Props_Forest_30.asset
  artifactKey: Guid(15f2aad70d764e54d909a9e30da32210) Importer(815301076,1909f56bfc062723c751e8b465ee728b)
Start importing Assets/Art/art/ARt/Assets/Environment/Props/Props_Forest_30.asset using Guid(15f2aad70d764e54d909a9e30da32210) Importer(815301076,1909f56bfc062723c751e8b465ee728b)  -> (artifact id: 'e3c62459ff65db1b3c236ffaa8deb839') in 0.010970 seconds
Number of updated asset objects reloaded before import = 0
Number of asset objects unloaded after import = 3
========================================================================
Received Import Request.
  Time since last request: 0.000011 seconds.
  path: Assets/Art/art/ARt/Assets/Environment/Props/Props_Forest_6.asset
  artifactKey: Guid(8f23f1a448c770140a71b2a8e4c3f5df) Importer(815301076,1909f56bfc062723c751e8b465ee728b)
Start importing Assets/Art/art/ARt/Assets/Environment/Props/Props_Forest_6.asset using Guid(8f23f1a448c770140a71b2a8e4c3f5df) Importer(815301076,1909f56bfc062723c751e8b465ee728b)  -> (artifact id: 'fdccbf10e4e35ceb8608f17fe64d32f8') in 0.010061 seconds
Number of updated asset objects reloaded before import = 0
Number of asset objects unloaded after import = 3
========================================================================
Received Import Request.
  Time since last request: 0.000024 seconds.
  path: Assets/Art/art/ARt/Assets/Environment/Props/Props_Forest_14.asset
  artifactKey: Guid(f22a579eb7a82eb4db4af85ce7da821c) Importer(815301076,1909f56bfc062723c751e8b465ee728b)
Start importing Assets/Art/art/ARt/Assets/Environment/Props/Props_Forest_14.asset using Guid(f22a579eb7a82eb4db4af85ce7da821c) Importer(815301076,1909f56bfc062723c751e8b465ee728b)  -> (artifact id: '890bc9e1c10d68e6a0e5ebb6060c6264') in 0.011419 seconds
Number of updated asset objects reloaded before import = 0
Number of asset objects unloaded after import = 3
========================================================================
Received Import Request.
  Time since last request: 0.000010 seconds.
  path: Assets/Art/art/ARt/Assets/Environment/Props/Props_Forest_38.asset
  artifactKey: Guid(536c4368528447b4e9bd193b5cb43c88) Importer(815301076,1909f56bfc062723c751e8b465ee728b)
Start importing Assets/Art/art/ARt/Assets/Environment/Props/Props_Forest_38.asset using Guid(536c4368528447b4e9bd193b5cb43c88) Importer(815301076,1909f56bfc062723c751e8b465ee728b)  -> (artifact id: '741727bf4e500d021e46ee5fea5e0fe1') in 0.010373 seconds
Number of updated asset objects reloaded before import = 0
Number of asset objects unloaded after import = 3
========================================================================
Received Import Request.
  Time since last request: 0.000018 seconds.
  path: Assets/Art/art/ARt/Assets/Environment/Props/Props_Forest_111.asset
  artifactKey: Guid(37600bd9667ad464a92eb6283879f054) Importer(815301076,1909f56bfc062723c751e8b465ee728b)
Start importing Assets/Art/art/ARt/Assets/Environment/Props/Props_Forest_111.asset using Guid(37600bd9667ad464a92eb6283879f054) Importer(815301076,1909f56bfc062723c751e8b465ee728b)  -> (artifact id: '8da9f285b6a82ce337cc241072e8b1be') in 0.011712 seconds
Number of updated asset objects reloaded before import = 0
Number of asset objects unloaded after import = 3
========================================================================
Received Import Request.
  Time since last request: 0.000015 seconds.
  path: Assets/Art/art/ARt/Assets/Environment/Props/Props_Forest_18.asset
  artifactKey: Guid(4acd21d235a40fc44ac4bcd2a9db3a6d) Importer(815301076,1909f56bfc062723c751e8b465ee728b)
Start importing Assets/Art/art/ARt/Assets/Environment/Props/Props_Forest_18.asset using Guid(4acd21d235a40fc44ac4bcd2a9db3a6d) Importer(815301076,1909f56bfc062723c751e8b465ee728b)  -> (artifact id: '359bc05ccad9c2c1c5742b601bf1a566') in 0.010501 seconds
Number of updated asset objects reloaded before import = 0
Number of asset objects unloaded after import = 3
========================================================================
Received Import Request.
  Time since last request: 0.000013 seconds.
  path: Assets/Art/art/ARt/Assets/Environment/Props/Props_Forest_67.asset
  artifactKey: Guid(6b0756a810c7b464aaf592322472cf61) Importer(815301076,1909f56bfc062723c751e8b465ee728b)
Start importing Assets/Art/art/ARt/Assets/Environment/Props/Props_Forest_67.asset using Guid(6b0756a810c7b464aaf592322472cf61) Importer(815301076,1909f56bfc062723c751e8b465ee728b)  -> (artifact id: '5e90834f4bd71fe1d07beea53c9b342f') in 0.011287 seconds
Number of updated asset objects reloaded before import = 0
Number of asset objects unloaded after import = 3
========================================================================
Received Import Request.
  Time since last request: 0.000015 seconds.
  path: Assets/Art/art/ARt/Assets/Environment/Props/Props_Forest_21.asset
  artifactKey: Guid(1f9c9b677c716fe40b55c777d03b5525) Importer(815301076,1909f56bfc062723c751e8b465ee728b)
Start importing Assets/Art/art/ARt/Assets/Environment/Props/Props_Forest_21.asset using Guid(1f9c9b677c716fe40b55c777d03b5525) Importer(815301076,1909f56bfc062723c751e8b465ee728b)  -> (artifact id: '3e2aa4743b59ecc8682ce179fcaf006a') in 0.010274 seconds
Number of updated asset objects reloaded before import = 0
Number of asset objects unloaded after import = 3
========================================================================
Received Import Request.
  Time since last request: 0.000036 seconds.
  path: Assets/Art/art/ARt/Assets/Environment/Props/Props_Forest_34.asset
  artifactKey: Guid(fe66ed0b8c7b12549b50f8e300bbc779) Importer(815301076,1909f56bfc062723c751e8b465ee728b)
Start importing Assets/Art/art/ARt/Assets/Environment/Props/Props_Forest_34.asset using Guid(fe66ed0b8c7b12549b50f8e300bbc779) Importer(815301076,1909f56bfc062723c751e8b465ee728b)  -> (artifact id: '20cb5c4d51fa9c0d3f6257e64d19957c') in 0.010941 seconds
Number of updated asset objects reloaded before import = 0
Number of asset objects unloaded after import = 3
========================================================================
Received Import Request.
  Time since last request: 0.000020 seconds.
  path: Assets/Art/art/ARt/Assets/Environment/Props/Props_Forest_15.asset
  artifactKey: Guid(c4f9c376488080c43b941e539dd88a3f) Importer(815301076,1909f56bfc062723c751e8b465ee728b)
Start importing Assets/Art/art/ARt/Assets/Environment/Props/Props_Forest_15.asset using Guid(c4f9c376488080c43b941e539dd88a3f) Importer(815301076,1909f56bfc062723c751e8b465ee728b)  -> (artifact id: '39e419b5b68a873a280342c3f94b66a9') in 0.010369 seconds
Number of updated asset objects reloaded before import = 0
Number of asset objects unloaded after import = 3
========================================================================
Received Import Request.
  Time since last request: 0.000018 seconds.
  path: Assets/Art/art/ARt/Assets/Environment/Props/Props_Forest_90.asset
  artifactKey: Guid(2caa5092ccd91034b9609ea1c506b6d5) Importer(815301076,1909f56bfc062723c751e8b465ee728b)
Start importing Assets/Art/art/ARt/Assets/Environment/Props/Props_Forest_90.asset using Guid(2caa5092ccd91034b9609ea1c506b6d5) Importer(815301076,1909f56bfc062723c751e8b465ee728b)  -> (artifact id: '8fe3d24774d171e58dd07f82197cd7ef') in 0.010468 seconds
Number of updated asset objects reloaded before import = 0
Number of asset objects unloaded after import = 3
========================================================================
Received Import Request.
  Time since last request: 0.000011 seconds.
  path: Assets/Art/art/ARt/Assets/Environment/Props/Props_Forest_123.asset
  artifactKey: Guid(a01a3fb9d3f485444aa7b5a196cb5111) Importer(815301076,1909f56bfc062723c751e8b465ee728b)
Start importing Assets/Art/art/ARt/Assets/Environment/Props/Props_Forest_123.asset using Guid(a01a3fb9d3f485444aa7b5a196cb5111) Importer(815301076,1909f56bfc062723c751e8b465ee728b)  -> (artifact id: '86920386c43c7ac134d8936d57f4ba1c') in 0.009699 seconds
Number of updated asset objects reloaded before import = 0
Number of asset objects unloaded after import = 3
========================================================================
Received Import Request.
  Time since last request: 0.000012 seconds.
  path: Assets/Art/art/ARt/Assets/Environment/Props/Props_Forest_97.asset
  artifactKey: Guid(b29d86abd3a7e3d4987fe07526269f3b) Importer(815301076,1909f56bfc062723c751e8b465ee728b)
Start importing Assets/Art/art/ARt/Assets/Environment/Props/Props_Forest_97.asset using Guid(b29d86abd3a7e3d4987fe07526269f3b) Importer(815301076,1909f56bfc062723c751e8b465ee728b)  -> (artifact id: 'c29e4a150d0d6b464ae46da6ad91e3ab') in 0.009777 seconds
Number of updated asset objects reloaded before import = 0
Number of asset objects unloaded after import = 3
========================================================================
Received Import Request.
  Time since last request: 0.000013 seconds.
  path: Assets/Art/art/ARt/Assets/Environment/Props/Props_Forest_88.asset
  artifactKey: Guid(8222c89e3fe117e4cad7e031b8fe958c) Importer(815301076,1909f56bfc062723c751e8b465ee728b)
Start importing Assets/Art/art/ARt/Assets/Environment/Props/Props_Forest_88.asset using Guid(8222c89e3fe117e4cad7e031b8fe958c) Importer(815301076,1909f56bfc062723c751e8b465ee728b)  -> (artifact id: '8a813777124b926cc5067cd040e93003') in 0.010535 seconds
Number of updated asset objects reloaded before import = 0
Number of asset objects unloaded after import = 3
========================================================================
Received Import Request.
  Time since last request: 0.000010 seconds.
  path: Assets/Art/art/ARt/Assets/Environment/Props/Props_Forest_70.asset
  artifactKey: Guid(ea335a908465d5749872edd63db2989e) Importer(815301076,1909f56bfc062723c751e8b465ee728b)
Start importing Assets/Art/art/ARt/Assets/Environment/Props/Props_Forest_70.asset using Guid(ea335a908465d5749872edd63db2989e) Importer(815301076,1909f56bfc062723c751e8b465ee728b)  -> (artifact id: '8400a51ea6856130323b22c02d778132') in 0.009043 seconds
Number of updated asset objects reloaded before import = 0
Number of asset objects unloaded after import = 3
========================================================================
Received Import Request.
  Time since last request: 0.000015 seconds.
  path: Assets/Art/art/ARt/Assets/Environment/Props/Props_Forest_95.asset
  artifactKey: Guid(972915f3439c94a40a07a79acd8df178) Importer(815301076,1909f56bfc062723c751e8b465ee728b)
Start importing Assets/Art/art/ARt/Assets/Environment/Props/Props_Forest_95.asset using Guid(972915f3439c94a40a07a79acd8df178) Importer(815301076,1909f56bfc062723c751e8b465ee728b)  -> (artifact id: '833f6ec90cb19a5349e5a33ffa76299c') in 0.009965 seconds
Number of updated asset objects reloaded before import = 0
Number of asset objects unloaded after import = 3
========================================================================
Received Import Request.
  Time since last request: 0.000021 seconds.
  path: Assets/Art/art/ARt/Assets/Environment/Props/Props_Forest_35.asset
  artifactKey: Guid(7be9d2b3783d0464e8503d5a7b3f35ae) Importer(815301076,1909f56bfc062723c751e8b465ee728b)
Start importing Assets/Art/art/ARt/Assets/Environment/Props/Props_Forest_35.asset using Guid(7be9d2b3783d0464e8503d5a7b3f35ae) Importer(815301076,1909f56bfc062723c751e8b465ee728b)  -> (artifact id: '80aedd37cd1416bec05b2b98cd8c783d') in 0.008689 seconds
Number of updated asset objects reloaded before import = 0
Number of asset objects unloaded after import = 3
========================================================================
Received Import Request.
  Time since last request: 0.000016 seconds.
  path: Assets/Art/art/ARt/Assets/Environment/Props/Props_Forest_0.asset
  artifactKey: Guid(7b383487e235ed9479e0785dd6b1dd8a) Importer(815301076,1909f56bfc062723c751e8b465ee728b)
Start importing Assets/Art/art/ARt/Assets/Environment/Props/Props_Forest_0.asset using Guid(7b383487e235ed9479e0785dd6b1dd8a) Importer(815301076,1909f56bfc062723c751e8b465ee728b)  -> (artifact id: '82f3f6674e56d0a8147fe8b0be58b9f9') in 0.010008 seconds
Number of updated asset objects reloaded before import = 0
Number of asset objects unloaded after import = 3
========================================================================
Received Import Request.
  Time since last request: 0.000010 seconds.
  path: Assets/Art/art/ARt/Assets/Environment/Props/Props_Forest_84.asset
  artifactKey: Guid(d922d0cedef914b44a967f97979173d1) Importer(815301076,1909f56bfc062723c751e8b465ee728b)
Start importing Assets/Art/art/ARt/Assets/Environment/Props/Props_Forest_84.asset using Guid(d922d0cedef914b44a967f97979173d1) Importer(815301076,1909f56bfc062723c751e8b465ee728b)  -> (artifact id: 'd4f5b767a1ea706a8f678e9a4528e176') in 0.008995 seconds
Number of updated asset objects reloaded before import = 0
Number of asset objects unloaded after import = 3
========================================================================
Received Import Request.
  Time since last request: 0.000016 seconds.
  path: Assets/Art/art/ARt/Assets/Environment/Props/Props_Forest_41.asset
  artifactKey: Guid(8ded90a4d034598468b4e55e516af38f) Importer(815301076,1909f56bfc062723c751e8b465ee728b)
Start importing Assets/Art/art/ARt/Assets/Environment/Props/Props_Forest_41.asset using Guid(8ded90a4d034598468b4e55e516af38f) Importer(815301076,1909f56bfc062723c751e8b465ee728b)  -> (artifact id: 'ba3c1efc6132881c9c6efbf5cd1d916e') in 0.010047 seconds
Number of updated asset objects reloaded before import = 0
Number of asset objects unloaded after import = 3
Editor requested this worker to shutdown with reason: Scaling down because of idle timeout
TcpMessagingSession - receive error: operation aborted. errorcode: 995, details: The I/O operation has been aborted because of either a thread exit or an application request.
AssetImportWorker is now disconnected from the server
Process exiting
Exiting without the bug reporter. Application will terminate with return code 0